[2022-12-12 18:44:02,194] {taskinstance.py:1159} INFO - Dependencies all met for <TaskInstance: prepare_data.create_table scheduled__2022-11-28T20:45:00+00:00 [queued]>
[2022-12-12 18:44:02,312] {taskinstance.py:1159} INFO - Dependencies all met for <TaskInstance: prepare_data.create_table scheduled__2022-11-28T20:45:00+00:00 [queued]>
[2022-12-12 18:44:02,314] {taskinstance.py:1356} INFO - 
--------------------------------------------------------------------------------
[2022-12-12 18:44:02,316] {taskinstance.py:1357} INFO - Starting attempt 1 of 1
[2022-12-12 18:44:02,322] {taskinstance.py:1358} INFO - 
--------------------------------------------------------------------------------
[2022-12-12 18:44:02,500] {taskinstance.py:1377} INFO - Executing <Task(PostgresOperator): create_table> on 2022-11-28 20:45:00+00:00
[2022-12-12 18:44:02,522] {standard_task_runner.py:52} INFO - Started process 1702 to run task
[2022-12-12 18:44:02,575] {standard_task_runner.py:79} INFO - Running: ['airflow', 'tasks', 'run', 'prepare_data', 'create_table', 'scheduled__2022-11-28T20:45:00+00:00', '--job-id', '726', '--raw', '--subdir', 'DAGS_FOLDER/prepare_data.py', '--cfg-path', '/tmp/tmpag4fniow', '--error-file', '/tmp/tmp5_9oz33y']
[2022-12-12 18:44:02,591] {standard_task_runner.py:80} INFO - Job 726: Subtask create_table
[2022-12-12 18:44:03,613] {task_command.py:369} INFO - Running <TaskInstance: prepare_data.create_table scheduled__2022-11-28T20:45:00+00:00 [running]> on host cfea470654c7
[2022-12-12 18:44:04,325] {local_task_job.py:84} ERROR - Received SIGTERM. Terminating subprocesses
[2022-12-12 18:44:04,427] {process_utils.py:129} INFO - Sending Signals.SIGTERM to group 1702. PIDs of all processes in the group: [1702]
[2022-12-12 18:44:04,431] {process_utils.py:80} INFO - Sending the signal Signals.SIGTERM to group 1702
[2022-12-12 18:44:04,442] {taskinstance.py:1541} ERROR - Received SIGTERM. Terminating subprocesses.
[2022-12-12 18:44:04,478] {taskinstance.py:1889} ERROR - Task failed with exception
Traceback (most recent call last):
  File "/home/airflow/.local/lib/python3.7/site-packages/sqlalchemy/sql/annotation.py", line 156, in __new__
    cls = annotated_classes[element.__class__]
KeyError: <class 'sqlalchemy.sql.dml.Delete'>

During handling of the above exception, another exception occurred:

Traceback (most recent call last):
  File "/home/airflow/.local/lib/python3.7/site-packages/airflow/utils/session.py", line 32, in create_session
    yield session
  File "/home/airflow/.local/lib/python3.7/site-packages/airflow/utils/session.py", line 71, in wrapper
    return func(*args, session=session, **kwargs)
  File "/home/airflow/.local/lib/python3.7/site-packages/airflow/models/taskinstance.py", line 941, in clear_xcom_data
    session=session,
  File "/home/airflow/.local/lib/python3.7/site-packages/airflow/utils/session.py", line 68, in wrapper
    return func(*args, **kwargs)
  File "/home/airflow/.local/lib/python3.7/site-packages/airflow/models/xcom.py", line 566, in clear
    query.delete()
  File "/home/airflow/.local/lib/python3.7/site-packages/sqlalchemy/orm/query.py", line 3111, in delete
    execution_options={"synchronize_session": synchronize_session},
  File "/home/airflow/.local/lib/python3.7/site-packages/sqlalchemy/orm/session.py", line 1633, in execute
    _parent_execute_state is not None,
  File "/home/airflow/.local/lib/python3.7/site-packages/sqlalchemy/orm/persistence.py", line 1804, in orm_pre_session_exec
    {"synchronize_session": update_options._synchronize_session}
  File "/home/airflow/.local/lib/python3.7/site-packages/sqlalchemy/sql/annotation.py", line 100, in _annotate
    return Annotated(self, values)
  File "/home/airflow/.local/lib/python3.7/site-packages/sqlalchemy/sql/annotation.py", line 158, in __new__
    cls = _new_annotation_type(element.__class__, cls)
  File "/home/airflow/.local/lib/python3.7/site-packages/sqlalchemy/sql/annotation.py", line 335, in _new_annotation_type
    globals()["Annotated%s" % cls.__name__] = anno_cls
  File "/home/airflow/.local/lib/python3.7/site-packages/airflow/models/taskinstance.py", line 1543, in signal_handler
    raise AirflowException("Task received SIGTERM signal")
airflow.exceptions.AirflowException: Task received SIGTERM signal

During handling of the above exception, another exception occurred:

Traceback (most recent call last):
  File "/home/airflow/.local/lib/python3.7/site-packages/sqlalchemy/engine/base.py", line 896, in _rollback_impl
    self.engine.dialect.do_rollback(self.connection)
  File "/home/airflow/.local/lib/python3.7/site-packages/sqlalchemy/engine/default.py", line 666, in do_rollback
    dbapi_connection.rollback()
psycopg2.OperationalError: terminating connection due to administrator command
server closed the connection unexpectedly
	This probably means the server terminated abnormally
	before or while processing the request.


The above exception was the direct cause of the following exception:

Traceback (most recent call last):
  File "/home/airflow/.local/lib/python3.7/site-packages/airflow/models/taskinstance.py", line 1451, in _run_raw_task
    self._execute_task_with_callbacks(context, test_mode)
  File "/home/airflow/.local/lib/python3.7/site-packages/airflow/models/taskinstance.py", line 1549, in _execute_task_with_callbacks
    self.clear_xcom_data()
  File "/home/airflow/.local/lib/python3.7/site-packages/airflow/utils/session.py", line 71, in wrapper
    return func(*args, session=session, **kwargs)
  File "/usr/local/lib/python3.7/contextlib.py", line 130, in __exit__
    self.gen.throw(type, value, traceback)
  File "/home/airflow/.local/lib/python3.7/site-packages/airflow/utils/session.py", line 35, in create_session
    session.rollback()
  File "/home/airflow/.local/lib/python3.7/site-packages/sqlalchemy/orm/session.py", line 1387, in rollback
    self._transaction.rollback(_to_root=self.future)
  File "/home/airflow/.local/lib/python3.7/site-packages/sqlalchemy/orm/session.py", line 900, in rollback
    util.raise_(rollback_err[1], with_traceback=rollback_err[2])
  File "/home/airflow/.local/lib/python3.7/site-packages/sqlalchemy/util/compat.py", line 211, in raise_
    raise exception
  File "/home/airflow/.local/lib/python3.7/site-packages/sqlalchemy/orm/session.py", line 865, in rollback
    t[1].rollback()
  File "/home/airflow/.local/lib/python3.7/site-packages/sqlalchemy/engine/base.py", line 2243, in rollback
    self._do_rollback()
  File "/home/airflow/.local/lib/python3.7/site-packages/sqlalchemy/engine/base.py", line 2433, in _do_rollback
    self._close_impl(try_deactivate=True)
  File "/home/airflow/.local/lib/python3.7/site-packages/sqlalchemy/engine/base.py", line 2416, in _close_impl
    self._connection_rollback_impl()
  File "/home/airflow/.local/lib/python3.7/site-packages/sqlalchemy/engine/base.py", line 2408, in _connection_rollback_impl
    self.connection._rollback_impl()
  File "/home/airflow/.local/lib/python3.7/site-packages/sqlalchemy/engine/base.py", line 898, in _rollback_impl
    self._handle_dbapi_exception(e, None, None, None, None)
  File "/home/airflow/.local/lib/python3.7/site-packages/sqlalchemy/engine/base.py", line 1930, in _handle_dbapi_exception
    sqlalchemy_exception, with_traceback=exc_info[2], from_=e
  File "/home/airflow/.local/lib/python3.7/site-packages/sqlalchemy/util/compat.py", line 211, in raise_
    raise exception
  File "/home/airflow/.local/lib/python3.7/site-packages/sqlalchemy/engine/base.py", line 896, in _rollback_impl
    self.engine.dialect.do_rollback(self.connection)
  File "/home/airflow/.local/lib/python3.7/site-packages/sqlalchemy/engine/default.py", line 666, in do_rollback
    dbapi_connection.rollback()
sqlalchemy.exc.OperationalError: (psycopg2.OperationalError) terminating connection due to administrator command
server closed the connection unexpectedly
	This probably means the server terminated abnormally
	before or while processing the request.

(Background on this error at: http://sqlalche.me/e/14/e3q8)
[2022-12-12 18:44:04,633] {standard_task_runner.py:97} ERROR - Failed to execute job 726 for task create_table ((psycopg2.OperationalError) connection to server at "db" (172.18.0.3), port 5432 failed: Connection refused
	Is the server running on that host and accepting TCP/IP connections?

(Background on this error at: http://sqlalche.me/e/14/e3q8); 1702)
[2022-12-12 18:44:04,712] {process_utils.py:75} INFO - Process psutil.Process(pid=1702, status='terminated', exitcode=1, started='18:44:02') (1702) terminated with exit code 1
[2022-12-12 18:44:04,719] {local_task_job.py:156} INFO - Task exited with return code 143
